<?xml version="1.0"?>
<!DOCTYPE coverage SYSTEM "http://cobertura.sourceforge.net/xml/coverage-04.dtd">

<coverage line-rate="0.4" branch-rate="1.0" lines-covered="2" lines-valid="5" branches-covered="0" branches-valid="0" complexity="1.0" version="null" timestamp="1374143942694">
	<sources>
		<source>src</source>
	</sources>
	<packages>
		<package name="test.condition" line-rate="0.4" branch-rate="1.0" complexity="1.0">
			<classes>
				<class name="test.condition.CoverageIgnore" filename="test/condition/CoverageIgnore.java" line-rate="1.0" branch-rate="1.0" complexity="0.0">
					<methods>
					</methods>
					<lines>
					</lines>
				</class>
				<class name="test.condition.IgnoreMe" filename="test/condition/IgnoreMe.java" line-rate="0.0" branch-rate="1.0" complexity="1.0">
					<methods>
						<method name="&lt;init&gt;" signature="()V" line-rate="0.0" branch-rate="1.0">
							<lines>
								<line number="3" hits="0" branch="false"/>
							</lines>
						</method>
					</methods>
					<lines>
						<line number="3" hits="0" branch="false"/>
					</lines>
				</class>
				<class name="test.condition.IgnoreMeAlso" filename="test/condition/IgnoreMeAlso.java" line-rate="0.0" branch-rate="1.0" complexity="1.0">
					<methods>
						<method name="&lt;init&gt;" signature="()V" line-rate="0.0" branch-rate="1.0">
							<lines>
								<line number="3" hits="0" branch="false"/>
							</lines>
						</method>
					</methods>
					<lines>
						<line number="3" hits="0" branch="false"/>
					</lines>
				</class>
				<class name="test.condition.IgnoreMeNot" filename="test/condition/IgnoreMeNot.java" line-rate="0.6666666666666666" branch-rate="1.0" complexity="1.0">
					<methods>
						<method name="&lt;init&gt;" signature="()V" line-rate="0.0" branch-rate="1.0">
							<lines>
								<line number="4" hits="0" branch="false"/>
							</lines>
						</method>
						<method name="foo" signature="()V" line-rate="1.0" branch-rate="1.0">
							<lines>
								<line number="6" hits="1" branch="false"/>
								<line number="7" hits="1" branch="false"/>
							</lines>
						</method>
					</methods>
					<lines>
						<line number="4" hits="0" branch="false"/>
						<line number="6" hits="1" branch="false"/>
						<line number="7" hits="1" branch="false"/>
					</lines>
				</class>
			</classes>
		</package>
	</packages>
</coverage>
